
pr2_b.elf:     file format elf32-littleriscv
pr2_b.elf
architecture: riscv:rv32, flags 0x00000112:
EXEC_P, HAS_SYMS, D_PAGED
start address 0x00000000

Program Header:
    LOAD off    0x00001000 vaddr 0x00000000 paddr 0x00000000 align 2**12
         filesz 0x000000d4 memsz 0x000000d4 flags r-x
    LOAD off    0x00002000 vaddr 0x00010000 paddr 0x00010000 align 2**12
         filesz 0x00000020 memsz 0x00000048 flags rw-

Sections:
Idx Name              Size      VMA       LMA       File off  Algn  Flags
  0 .text             000000d4  00000000  00000000  00001000  2**2  CONTENTS, ALLOC, LOAD, READONLY, CODE
  1 .data             00000020  00010000  00010000  00002000  2**0  CONTENTS, ALLOC, LOAD, DATA
  2 .bss              00000028  00010020  00010020  00002020  2**0  ALLOC
  3 .riscv.attributes 0000001f  00000000  00000000  00002020  2**0  CONTENTS, READONLY
  4 .debug_line       00000169  00000000  00000000  0000203f  2**0  CONTENTS, READONLY, DEBUGGING, OCTETS
  5 .debug_info       00000026  00000000  00000000  000021a8  2**0  CONTENTS, READONLY, DEBUGGING, OCTETS
  6 .debug_abbrev     00000014  00000000  00000000  000021ce  2**0  CONTENTS, READONLY, DEBUGGING, OCTETS
  7 .debug_aranges    00000020  00000000  00000000  000021e8  2**3  CONTENTS, READONLY, DEBUGGING, OCTETS
  8 .debug_str        0000006c  00000000  00000000  00002208  2**0  CONTENTS, READONLY, DEBUGGING, OCTETS
SYMBOL TABLE:
00000000 l    d  .text	00000000 .text
00010000 l    d  .data	00000000 .data
00010020 l    d  .bss	00000000 .bss
00000000 l    d  .riscv.attributes	00000000 .riscv.attributes
00000000 l    d  .debug_line	00000000 .debug_line
00000000 l    d  .debug_info	00000000 .debug_info
00000000 l    d  .debug_abbrev	00000000 .debug_abbrev
00000000 l    d  .debug_aranges	00000000 .debug_aranges
00000000 l    d  .debug_str	00000000 .debug_str
00000000 l    df *ABS*	00000000 ./pr2_b.o
00000008 l       *ABS*	00000000 N
00010000 l       *ABS*	00000000 INT_MAX
00010000 l       .data	00000000 V
00010020 l       .bss	00000000 W
00010040 l       .bss	00000000 min
00010044 l       .bss	00000000 ind
0000001c l       .text	00000000 again
00000088 l       .text	00000000 minim
00000084 l       .text	00000000 fin
000000a0 l       .text	00000000 cont
000000b8 l       .text	00000000 noupdate
00000000 g       .text	00000000 main
00020000 g       *ABS*	00000000 _stack



Disassembly of section .text:

00000000 <main>:
main():
C:\Users\Juan Antonio\Documents\Docencia\FC2\2023-2024\lab\ws\FC2labWS\pr2_b\Debug/../pr2_b.asm:49

.text
main :
// Complete the code

	li t6,INT_MAX
   0:	00010fb7          	lui	t6,0x10
C:\Users\Juan Antonio\Documents\Docencia\FC2\2023-2024\lab\ws\FC2labWS\pr2_b\Debug/../pr2_b.asm:50
	la a1,V
   4:	00010597          	auipc	a1,0x10
   8:	ffc58593          	addi	a1,a1,-4 # 10000 <INT_MAX>
C:\Users\Juan Antonio\Documents\Docencia\FC2\2023-2024\lab\ws\FC2labWS\pr2_b\Debug/../pr2_b.asm:51
	la t1,W
   c:	00010317          	auipc	t1,0x10
  10:	01430313          	addi	t1,t1,20 # 10020 <W>
C:\Users\Juan Antonio\Documents\Docencia\FC2\2023-2024\lab\ws\FC2labWS\pr2_b\Debug/../pr2_b.asm:52
	li t0,0 //loop index
  14:	00000293          	li	t0,0
C:\Users\Juan Antonio\Documents\Docencia\FC2\2023-2024\lab\ws\FC2labWS\pr2_b\Debug/../pr2_b.asm:53
	li s8,N //loop end
  18:	00800c13          	li	s8,8

0000001c <again>:
again():
C:\Users\Juan Antonio\Documents\Docencia\FC2\2023-2024\lab\ws\FC2labWS\pr2_b\Debug/../pr2_b.asm:57

again:

	add sp, sp, -28
  1c:	fe410113          	addi	sp,sp,-28
C:\Users\Juan Antonio\Documents\Docencia\FC2\2023-2024\lab\ws\FC2labWS\pr2_b\Debug/../pr2_b.asm:58
 	sw  t6, 24(sp)
  20:	01f12c23          	sw	t6,24(sp)
C:\Users\Juan Antonio\Documents\Docencia\FC2\2023-2024\lab\ws\FC2labWS\pr2_b\Debug/../pr2_b.asm:59
 	sw  t5, 20(sp)
  24:	01e12a23          	sw	t5,20(sp)
C:\Users\Juan Antonio\Documents\Docencia\FC2\2023-2024\lab\ws\FC2labWS\pr2_b\Debug/../pr2_b.asm:60
	sw  t4, 16(sp)
  28:	01d12823          	sw	t4,16(sp)
C:\Users\Juan Antonio\Documents\Docencia\FC2\2023-2024\lab\ws\FC2labWS\pr2_b\Debug/../pr2_b.asm:61
 	sw  t3, 12(sp)
  2c:	01c12623          	sw	t3,12(sp)
C:\Users\Juan Antonio\Documents\Docencia\FC2\2023-2024\lab\ws\FC2labWS\pr2_b\Debug/../pr2_b.asm:62
 	sw  t2, 8(sp)
  30:	00712423          	sw	t2,8(sp)
C:\Users\Juan Antonio\Documents\Docencia\FC2\2023-2024\lab\ws\FC2labWS\pr2_b\Debug/../pr2_b.asm:63
	sw  t1, 4(sp)
  34:	00612223          	sw	t1,4(sp)
C:\Users\Juan Antonio\Documents\Docencia\FC2\2023-2024\lab\ws\FC2labWS\pr2_b\Debug/../pr2_b.asm:64
 	sw  t0, 0(sp)
  38:	00512023          	sw	t0,0(sp)
C:\Users\Juan Antonio\Documents\Docencia\FC2\2023-2024\lab\ws\FC2labWS\pr2_b\Debug/../pr2_b.asm:66

	call minim
  3c:	04c000ef          	jal	ra,88 <minim>
C:\Users\Juan Antonio\Documents\Docencia\FC2\2023-2024\lab\ws\FC2labWS\pr2_b\Debug/../pr2_b.asm:68

 	lw  t0, 0(sp)
  40:	00012283          	lw	t0,0(sp)
C:\Users\Juan Antonio\Documents\Docencia\FC2\2023-2024\lab\ws\FC2labWS\pr2_b\Debug/../pr2_b.asm:69
 	lw  t1, 4(sp)
  44:	00412303          	lw	t1,4(sp)
C:\Users\Juan Antonio\Documents\Docencia\FC2\2023-2024\lab\ws\FC2labWS\pr2_b\Debug/../pr2_b.asm:70
	lw  t2, 8(sp)
  48:	00812383          	lw	t2,8(sp)
C:\Users\Juan Antonio\Documents\Docencia\FC2\2023-2024\lab\ws\FC2labWS\pr2_b\Debug/../pr2_b.asm:71
 	lw  t3, 12(sp)
  4c:	00c12e03          	lw	t3,12(sp)
C:\Users\Juan Antonio\Documents\Docencia\FC2\2023-2024\lab\ws\FC2labWS\pr2_b\Debug/../pr2_b.asm:72
 	lw  t4, 16(sp)
  50:	01012e83          	lw	t4,16(sp)
C:\Users\Juan Antonio\Documents\Docencia\FC2\2023-2024\lab\ws\FC2labWS\pr2_b\Debug/../pr2_b.asm:73
	lw  t5, 20(sp)
  54:	01412f03          	lw	t5,20(sp)
C:\Users\Juan Antonio\Documents\Docencia\FC2\2023-2024\lab\ws\FC2labWS\pr2_b\Debug/../pr2_b.asm:74
 	lw  t6, 24(sp)
  58:	01812f83          	lw	t6,24(sp)
C:\Users\Juan Antonio\Documents\Docencia\FC2\2023-2024\lab\ws\FC2labWS\pr2_b\Debug/../pr2_b.asm:75
	add sp, sp, 28
  5c:	01c10113          	addi	sp,sp,28
C:\Users\Juan Antonio\Documents\Docencia\FC2\2023-2024\lab\ws\FC2labWS\pr2_b\Debug/../pr2_b.asm:79



	slli t2,t0,2 //offset *4 W
  60:	00229393          	slli	t2,t0,0x2
C:\Users\Juan Antonio\Documents\Docencia\FC2\2023-2024\lab\ws\FC2labWS\pr2_b\Debug/../pr2_b.asm:80
	add t3,t1,t2 //W address
  64:	00730e33          	add	t3,t1,t2
C:\Users\Juan Antonio\Documents\Docencia\FC2\2023-2024\lab\ws\FC2labWS\pr2_b\Debug/../pr2_b.asm:81
	slli s7,a0,2 //offset *4 V
  68:	00251b93          	slli	s7,a0,0x2
C:\Users\Juan Antonio\Documents\Docencia\FC2\2023-2024\lab\ws\FC2labWS\pr2_b\Debug/../pr2_b.asm:82
	add t4,a1,s7 //V address
  6c:	01758eb3          	add	t4,a1,s7
C:\Users\Juan Antonio\Documents\Docencia\FC2\2023-2024\lab\ws\FC2labWS\pr2_b\Debug/../pr2_b.asm:83
	lw t5,0(t4) //minimum of V
  70:	000eaf03          	lw	t5,0(t4)
C:\Users\Juan Antonio\Documents\Docencia\FC2\2023-2024\lab\ws\FC2labWS\pr2_b\Debug/../pr2_b.asm:84
	sw t5,0(t3) //update W
  74:	01ee2023          	sw	t5,0(t3)
C:\Users\Juan Antonio\Documents\Docencia\FC2\2023-2024\lab\ws\FC2labWS\pr2_b\Debug/../pr2_b.asm:85
	sw t6,0(t4) //update V
  78:	01fea023          	sw	t6,0(t4)
C:\Users\Juan Antonio\Documents\Docencia\FC2\2023-2024\lab\ws\FC2labWS\pr2_b\Debug/../pr2_b.asm:87

	addi t0,t0,1
  7c:	00128293          	addi	t0,t0,1
C:\Users\Juan Antonio\Documents\Docencia\FC2\2023-2024\lab\ws\FC2labWS\pr2_b\Debug/../pr2_b.asm:88
	bgt s8,t0,again
  80:	f982cee3          	blt	t0,s8,1c <again>

00000084 <fin>:
fin():
C:\Users\Juan Antonio\Documents\Docencia\FC2\2023-2024\lab\ws\FC2labWS\pr2_b\Debug/../pr2_b.asm:91

fin:                //end of program
    j fin           //the program stays here forever
  84:	0000006f          	j	84 <fin>

00000088 <minim>:
minim():
C:\Users\Juan Antonio\Documents\Docencia\FC2\2023-2024\lab\ws\FC2labWS\pr2_b\Debug/../pr2_b.asm:99

 minim:
 // Inputs: a1 (array)
 // Outputs: a0 (index to minimun)

	add sp, sp, -8
  88:	ff810113          	addi	sp,sp,-8
C:\Users\Juan Antonio\Documents\Docencia\FC2\2023-2024\lab\ws\FC2labWS\pr2_b\Debug/../pr2_b.asm:100
 	sw  s1, 4(sp)
  8c:	00912223          	sw	s1,4(sp)
C:\Users\Juan Antonio\Documents\Docencia\FC2\2023-2024\lab\ws\FC2labWS\pr2_b\Debug/../pr2_b.asm:101
 	sw  s2, 0(sp)
  90:	01212023          	sw	s2,0(sp)
C:\Users\Juan Antonio\Documents\Docencia\FC2\2023-2024\lab\ws\FC2labWS\pr2_b\Debug/../pr2_b.asm:103

    li t0, INT_MAX
  94:	000102b7          	lui	t0,0x10
C:\Users\Juan Antonio\Documents\Docencia\FC2\2023-2024\lab\ws\FC2labWS\pr2_b\Debug/../pr2_b.asm:104
    li t1,N-1 //index
  98:	00700313          	li	t1,7
C:\Users\Juan Antonio\Documents\Docencia\FC2\2023-2024\lab\ws\FC2labWS\pr2_b\Debug/../pr2_b.asm:105
    mv s2,a1
  9c:	00058913          	mv	s2,a1

000000a0 <cont>:
cont():
C:\Users\Juan Antonio\Documents\Docencia\FC2\2023-2024\lab\ws\FC2labWS\pr2_b\Debug/../pr2_b.asm:107
cont:
    slli t2,t1,2 //offset *4
  a0:	00231393          	slli	t2,t1,0x2
C:\Users\Juan Antonio\Documents\Docencia\FC2\2023-2024\lab\ws\FC2labWS\pr2_b\Debug/../pr2_b.asm:108
    add t3,s2,t2 //address
  a4:	00790e33          	add	t3,s2,t2
C:\Users\Juan Antonio\Documents\Docencia\FC2\2023-2024\lab\ws\FC2labWS\pr2_b\Debug/../pr2_b.asm:109
    lw t4,0(t3)
  a8:	000e2e83          	lw	t4,0(t3)
C:\Users\Juan Antonio\Documents\Docencia\FC2\2023-2024\lab\ws\FC2labWS\pr2_b\Debug/../pr2_b.asm:110
    bge t4,t0,noupdate
  ac:	005ed663          	bge	t4,t0,b8 <noupdate>
C:\Users\Juan Antonio\Documents\Docencia\FC2\2023-2024\lab\ws\FC2labWS\pr2_b\Debug/../pr2_b.asm:111
    mv t0,t4
  b0:	000e8293          	mv	t0,t4
C:\Users\Juan Antonio\Documents\Docencia\FC2\2023-2024\lab\ws\FC2labWS\pr2_b\Debug/../pr2_b.asm:112
    mv t5,t1 //index to minimum
  b4:	00030f13          	mv	t5,t1

000000b8 <noupdate>:
noupdate():
C:\Users\Juan Antonio\Documents\Docencia\FC2\2023-2024\lab\ws\FC2labWS\pr2_b\Debug/../pr2_b.asm:114
 noupdate:
 	addi t1,t1,-1
  b8:	fff30313          	addi	t1,t1,-1
C:\Users\Juan Antonio\Documents\Docencia\FC2\2023-2024\lab\ws\FC2labWS\pr2_b\Debug/../pr2_b.asm:115
 	bge t1,zero,cont
  bc:	fe0352e3          	bgez	t1,a0 <cont>
C:\Users\Juan Antonio\Documents\Docencia\FC2\2023-2024\lab\ws\FC2labWS\pr2_b\Debug/../pr2_b.asm:117

 	mv a0,t5
  c0:	000f0513          	mv	a0,t5
C:\Users\Juan Antonio\Documents\Docencia\FC2\2023-2024\lab\ws\FC2labWS\pr2_b\Debug/../pr2_b.asm:119

	lw  s2, 0(sp)
  c4:	00012903          	lw	s2,0(sp)
C:\Users\Juan Antonio\Documents\Docencia\FC2\2023-2024\lab\ws\FC2labWS\pr2_b\Debug/../pr2_b.asm:120
 	lw  s1, 4(sp)
  c8:	00412483          	lw	s1,4(sp)
C:\Users\Juan Antonio\Documents\Docencia\FC2\2023-2024\lab\ws\FC2labWS\pr2_b\Debug/../pr2_b.asm:121
 	add sp, sp, 8
  cc:	00810113          	addi	sp,sp,8
C:\Users\Juan Antonio\Documents\Docencia\FC2\2023-2024\lab\ws\FC2labWS\pr2_b\Debug/../pr2_b.asm:123

	ret
  d0:	00008067          	ret
