
pr2_a.elf:     file format elf32-littleriscv
pr2_a.elf
architecture: riscv:rv32, flags 0x00000112:
EXEC_P, HAS_SYMS, D_PAGED
start address 0x00000000

Program Header:
    LOAD off    0x00001000 vaddr 0x00000000 paddr 0x00000000 align 2**12
         filesz 0x00000048 memsz 0x00000048 flags r-x
    LOAD off    0x00002000 vaddr 0x00010000 paddr 0x00010000 align 2**12
         filesz 0x00000020 memsz 0x00000024 flags rw-

Sections:
Idx Name              Size      VMA       LMA       File off  Algn  Flags
  0 .text             00000048  00000000  00000000  00001000  2**2  CONTENTS, ALLOC, LOAD, READONLY, CODE
  1 .data             00000020  00010000  00010000  00002000  2**0  CONTENTS, ALLOC, LOAD, DATA
  2 .bss              00000004  00010020  00010020  00002020  2**0  ALLOC
  3 .riscv.attributes 0000001f  00000000  00000000  00002020  2**0  CONTENTS, READONLY
  4 .debug_line       00000097  00000000  00000000  0000203f  2**0  CONTENTS, READONLY, DEBUGGING, OCTETS
  5 .debug_info       00000026  00000000  00000000  000020d6  2**0  CONTENTS, READONLY, DEBUGGING, OCTETS
  6 .debug_abbrev     00000014  00000000  00000000  000020fc  2**0  CONTENTS, READONLY, DEBUGGING, OCTETS
  7 .debug_aranges    00000020  00000000  00000000  00002110  2**3  CONTENTS, READONLY, DEBUGGING, OCTETS
  8 .debug_str        00000049  00000000  00000000  00002130  2**0  CONTENTS, READONLY, DEBUGGING, OCTETS
SYMBOL TABLE:
00000000 l    d  .text	00000000 .text
00010000 l    d  .data	00000000 .data
00010020 l    d  .bss	00000000 .bss
00000000 l    d  .riscv.attributes	00000000 .riscv.attributes
00000000 l    d  .debug_line	00000000 .debug_line
00000000 l    d  .debug_info	00000000 .debug_info
00000000 l    d  .debug_abbrev	00000000 .debug_abbrev
00000000 l    d  .debug_aranges	00000000 .debug_aranges
00000000 l    d  .debug_str	00000000 .debug_str
00000000 l    df *ABS*	00000000 ./pr2_a.o
00000008 l       *ABS*	00000000 N
00010000 l       *ABS*	00000000 INT_MAX
00010000 l       .data	00000000 V
00010020 l       .bss	00000000 min
00000018 l       .text	00000000 for
00000040 l       .text	00000000 exit
00000000 g       .text	00000000 main
00020000 g       *ABS*	00000000 _stack



Disassembly of section .text:

00000000 <main>:
main():
C:\Universidad\Cuatri2\FC2\FC2labWS\pr2_a\Debug/../pr2_a.asm:37
.bss
min: .space 4

.text
main:
    la s1, min        //in s1 address of min
   0:	00010497          	auipc	s1,0x10
   4:	02048493          	addi	s1,s1,32 # 10020 <min>
C:\Universidad\Cuatri2\FC2\FC2labWS\pr2_a\Debug/../pr2_a.asm:38
    li t0, INT_MAX    //t0=INT_MAX
   8:	000102b7          	lui	t0,0x10
C:\Universidad\Cuatri2\FC2\FC2labWS\pr2_a\Debug/../pr2_a.asm:39
    sw t0, 0(s1)      //guardamos en memoria(min) INT_MAX
   c:	0054a023          	sw	t0,0(s1)
C:\Universidad\Cuatri2\FC2\FC2labWS\pr2_a\Debug/../pr2_a.asm:40
    li t1,N            //t1=N=8
  10:	00800313          	li	t1,8
C:\Universidad\Cuatri2\FC2\FC2labWS\pr2_a\Debug/../pr2_a.asm:41
    li t2,-1          // i=t2=0
  14:	fff00393          	li	t2,-1

00000018 <for>:
for():
C:\Universidad\Cuatri2\FC2\FC2labWS\pr2_a\Debug/../pr2_a.asm:43
for:
addi t2,t2,1
  18:	00138393          	addi	t2,t2,1
C:\Universidad\Cuatri2\FC2\FC2labWS\pr2_a\Debug/../pr2_a.asm:44
beq t1,t2,exit        //N=i exit
  1c:	02730263          	beq	t1,t2,40 <exit>
C:\Universidad\Cuatri2\FC2\FC2labWS\pr2_a\Debug/../pr2_a.asm:45
la t3,V               // base of v  in t3
  20:	00010e17          	auipc	t3,0x10
  24:	fe0e0e13          	addi	t3,t3,-32 # 10000 <INT_MAX>
C:\Universidad\Cuatri2\FC2\FC2labWS\pr2_a\Debug/../pr2_a.asm:46
slli t4,t2,2          //i*4
  28:	00239e93          	slli	t4,t2,0x2
C:\Universidad\Cuatri2\FC2\FC2labWS\pr2_a\Debug/../pr2_a.asm:47
add t5,t3,t4           //dm de v[i]
  2c:	01de0f33          	add	t5,t3,t4
C:\Universidad\Cuatri2\FC2\FC2labWS\pr2_a\Debug/../pr2_a.asm:48
lw s3,0(t5)            //
  30:	000f2983          	lw	s3,0(t5)
C:\Universidad\Cuatri2\FC2\FC2labWS\pr2_a\Debug/../pr2_a.asm:49
bge s3,t0,for
  34:	fe59d2e3          	bge	s3,t0,18 <for>
C:\Universidad\Cuatri2\FC2\FC2labWS\pr2_a\Debug/../pr2_a.asm:50
mv t0,s3             // min=v[i]
  38:	00098293          	mv	t0,s3
C:\Universidad\Cuatri2\FC2\FC2labWS\pr2_a\Debug/../pr2_a.asm:51
j for
  3c:	fddff06f          	j	18 <for>

00000040 <exit>:
exit():
C:\Universidad\Cuatri2\FC2\FC2labWS\pr2_a\Debug/../pr2_a.asm:54

exit:
sw t0,0(s1)
  40:	0054a023          	sw	t0,0(s1)
C:\Universidad\Cuatri2\FC2\FC2labWS\pr2_a\Debug/../pr2_a.asm:55
j exit
  44:	ffdff06f          	j	40 <exit>
