
pr3_a.elf:     file format elf32-littleriscv
pr3_a.elf
architecture: riscv:rv32, flags 0x00000112:
EXEC_P, HAS_SYMS, D_PAGED
start address 0x00000000

Program Header:
    LOAD off    0x00001000 vaddr 0x00000000 paddr 0x00000000 align 2**12
         filesz 0x000000f0 memsz 0x000000f0 flags r-x
    LOAD off    0x00002000 vaddr 0x00010000 paddr 0x00010000 align 2**12
         filesz 0x00000020 memsz 0x00000024 flags rw-

Sections:
Idx Name              Size      VMA       LMA       File off  Algn  Flags
  0 .text             000000f0  00000000  00000000  00001000  2**2  CONTENTS, ALLOC, LOAD, READONLY, CODE
  1 .data             00000020  00010000  00010000  00002000  2**0  CONTENTS, ALLOC, LOAD, DATA
  2 .bss              00000004  00010020  00010020  00002020  2**0  ALLOC
  3 .riscv.attributes 0000001f  00000000  00000000  00002020  2**0  CONTENTS, READONLY
  4 .debug_line       0000018d  00000000  00000000  0000203f  2**0  CONTENTS, READONLY, DEBUGGING, OCTETS
  5 .debug_info       00000026  00000000  00000000  000021cc  2**0  CONTENTS, READONLY, DEBUGGING, OCTETS
  6 .debug_abbrev     00000014  00000000  00000000  000021f2  2**0  CONTENTS, READONLY, DEBUGGING, OCTETS
  7 .debug_aranges    00000020  00000000  00000000  00002208  2**3  CONTENTS, READONLY, DEBUGGING, OCTETS
  8 .debug_str        0000006c  00000000  00000000  00002228  2**0  CONTENTS, READONLY, DEBUGGING, OCTETS
SYMBOL TABLE:
00000000 l    d  .text	00000000 .text
00010000 l    d  .data	00000000 .data
00010020 l    d  .bss	00000000 .bss
00000000 l    d  .riscv.attributes	00000000 .riscv.attributes
00000000 l    d  .debug_line	00000000 .debug_line
00000000 l    d  .debug_info	00000000 .debug_info
00000000 l    d  .debug_abbrev	00000000 .debug_abbrev
00000000 l    d  .debug_aranges	00000000 .debug_aranges
00000000 l    d  .debug_str	00000000 .debug_str
00000000 l    df *ABS*	00000000 ./pr3_a.o
00000004 l       *ABS*	00000000 N
00010000 l       .data	00000000 A
00010010 l       .data	00000000 B
00010020 l       .bss	00000000 res
00000044 l       .text	00000000 dotproduct
00000034 l       .text	00000000 str_res
00000040 l       .text	00000000 fin
0000004c l       .text	00000000 cont
000000d8 l       .text	00000000 mul
000000dc l       .text	00000000 oper
000000ec l       .text	00000000 end_mul
00000000 g       .text	00000000 main
00020000 g       *ABS*	00000000 _stack



Disassembly of section .text:

00000000 <main>:
main():
C:\Users\Juan Antonio\Documents\Docencia\FC2\2023-2024\lab\ws\FC2labWS\pr3_a\Debug/../pr3_a.asm:61
res: .space 4

.text
main:

	la a1,A
   0:	00010597          	auipc	a1,0x10
   4:	00058593          	mv	a1,a1
C:\Users\Juan Antonio\Documents\Docencia\FC2\2023-2024\lab\ws\FC2labWS\pr3_a\Debug/../pr3_a.asm:62
	mv a2,a1
   8:	00058613          	mv	a2,a1
C:\Users\Juan Antonio\Documents\Docencia\FC2\2023-2024\lab\ws\FC2labWS\pr3_a\Debug/../pr3_a.asm:63
	call dotproduct
   c:	038000ef          	jal	ra,44 <dotproduct>
C:\Users\Juan Antonio\Documents\Docencia\FC2\2023-2024\lab\ws\FC2labWS\pr3_a\Debug/../pr3_a.asm:64
	mv s1,a0
  10:	00050493          	mv	s1,a0
C:\Users\Juan Antonio\Documents\Docencia\FC2\2023-2024\lab\ws\FC2labWS\pr3_a\Debug/../pr3_a.asm:66

	la a1,B
  14:	00010597          	auipc	a1,0x10
  18:	ffc58593          	addi	a1,a1,-4 # 10010 <B>
C:\Users\Juan Antonio\Documents\Docencia\FC2\2023-2024\lab\ws\FC2labWS\pr3_a\Debug/../pr3_a.asm:67
	mv a2,a1
  1c:	00058613          	mv	a2,a1
C:\Users\Juan Antonio\Documents\Docencia\FC2\2023-2024\lab\ws\FC2labWS\pr3_a\Debug/../pr3_a.asm:68
	call dotproduct
  20:	024000ef          	jal	ra,44 <dotproduct>
C:\Users\Juan Antonio\Documents\Docencia\FC2\2023-2024\lab\ws\FC2labWS\pr3_a\Debug/../pr3_a.asm:69
	mv s2,a0
  24:	00050913          	mv	s2,a0
C:\Users\Juan Antonio\Documents\Docencia\FC2\2023-2024\lab\ws\FC2labWS\pr3_a\Debug/../pr3_a.asm:71

	li s3,0xa
  28:	00a00993          	li	s3,10
C:\Users\Juan Antonio\Documents\Docencia\FC2\2023-2024\lab\ws\FC2labWS\pr3_a\Debug/../pr3_a.asm:72
	bge s1,s2,str_res
  2c:	0124d463          	bge	s1,s2,34 <str_res>
C:\Users\Juan Antonio\Documents\Docencia\FC2\2023-2024\lab\ws\FC2labWS\pr3_a\Debug/../pr3_a.asm:73
	li s3,0xb
  30:	00b00993          	li	s3,11

00000034 <str_res>:
str_res():
C:\Users\Juan Antonio\Documents\Docencia\FC2\2023-2024\lab\ws\FC2labWS\pr3_a\Debug/../pr3_a.asm:76

str_res:
	la s4,res
  34:	00010a17          	auipc	s4,0x10
  38:	feca0a13          	addi	s4,s4,-20 # 10020 <res>
C:\Users\Juan Antonio\Documents\Docencia\FC2\2023-2024\lab\ws\FC2labWS\pr3_a\Debug/../pr3_a.asm:77
	sw s3,0(s4)
  3c:	013a2023          	sw	s3,0(s4)

00000040 <fin>:
fin():
C:\Users\Juan Antonio\Documents\Docencia\FC2\2023-2024\lab\ws\FC2labWS\pr3_a\Debug/../pr3_a.asm:80

fin:                //end of program
    j fin
  40:	0000006f          	j	40 <fin>

00000044 <dotproduct>:
dotproduct():
C:\Users\Juan Antonio\Documents\Docencia\FC2\2023-2024\lab\ws\FC2labWS\pr3_a\Debug/../pr3_a.asm:86

dotproduct:
//IN: vector1 (a1), vector2 (a2)
//OUT: result (a0)

	li t0,N-1 //index
  44:	00300293          	li	t0,3
C:\Users\Juan Antonio\Documents\Docencia\FC2\2023-2024\lab\ws\FC2labWS\pr3_a\Debug/../pr3_a.asm:87
	li t1,0 //accum
  48:	00000313          	li	t1,0

0000004c <cont>:
cont():
C:\Users\Juan Antonio\Documents\Docencia\FC2\2023-2024\lab\ws\FC2labWS\pr3_a\Debug/../pr3_a.asm:89
cont:
	slli t2,t0,2 //offset *4
  4c:	00229393          	slli	t2,t0,0x2
C:\Users\Juan Antonio\Documents\Docencia\FC2\2023-2024\lab\ws\FC2labWS\pr3_a\Debug/../pr3_a.asm:90
	add t3,a1,t2 //address 1
  50:	00758e33          	add	t3,a1,t2
C:\Users\Juan Antonio\Documents\Docencia\FC2\2023-2024\lab\ws\FC2labWS\pr3_a\Debug/../pr3_a.asm:91
	add t4,a2,t2 //address 2
  54:	00760eb3          	add	t4,a2,t2
C:\Users\Juan Antonio\Documents\Docencia\FC2\2023-2024\lab\ws\FC2labWS\pr3_a\Debug/../pr3_a.asm:92
	lw t5,0(t3) //value 1
  58:	000e2f03          	lw	t5,0(t3)
C:\Users\Juan Antonio\Documents\Docencia\FC2\2023-2024\lab\ws\FC2labWS\pr3_a\Debug/../pr3_a.asm:93
	lw t6,0(t4) //value 2
  5c:	000eaf83          	lw	t6,0(t4)
C:\Users\Juan Antonio\Documents\Docencia\FC2\2023-2024\lab\ws\FC2labWS\pr3_a\Debug/../pr3_a.asm:95

	add sp, sp, -40
  60:	fd810113          	addi	sp,sp,-40
C:\Users\Juan Antonio\Documents\Docencia\FC2\2023-2024\lab\ws\FC2labWS\pr3_a\Debug/../pr3_a.asm:96
	sw ra, 36(sp)
  64:	02112223          	sw	ra,36(sp)
C:\Users\Juan Antonio\Documents\Docencia\FC2\2023-2024\lab\ws\FC2labWS\pr3_a\Debug/../pr3_a.asm:97
	sw a2, 32(sp)
  68:	02c12023          	sw	a2,32(sp)
C:\Users\Juan Antonio\Documents\Docencia\FC2\2023-2024\lab\ws\FC2labWS\pr3_a\Debug/../pr3_a.asm:98
 	sw a1, 28(sp)
  6c:	00b12e23          	sw	a1,28(sp)
C:\Users\Juan Antonio\Documents\Docencia\FC2\2023-2024\lab\ws\FC2labWS\pr3_a\Debug/../pr3_a.asm:99
	sw t6, 24(sp)
  70:	01f12c23          	sw	t6,24(sp)
C:\Users\Juan Antonio\Documents\Docencia\FC2\2023-2024\lab\ws\FC2labWS\pr3_a\Debug/../pr3_a.asm:100
 	sw t5, 20(sp)
  74:	01e12a23          	sw	t5,20(sp)
C:\Users\Juan Antonio\Documents\Docencia\FC2\2023-2024\lab\ws\FC2labWS\pr3_a\Debug/../pr3_a.asm:101
	sw t4, 16(sp)
  78:	01d12823          	sw	t4,16(sp)
C:\Users\Juan Antonio\Documents\Docencia\FC2\2023-2024\lab\ws\FC2labWS\pr3_a\Debug/../pr3_a.asm:102
 	sw t3, 12(sp)
  7c:	01c12623          	sw	t3,12(sp)
C:\Users\Juan Antonio\Documents\Docencia\FC2\2023-2024\lab\ws\FC2labWS\pr3_a\Debug/../pr3_a.asm:103
 	sw t2, 8(sp)
  80:	00712423          	sw	t2,8(sp)
C:\Users\Juan Antonio\Documents\Docencia\FC2\2023-2024\lab\ws\FC2labWS\pr3_a\Debug/../pr3_a.asm:104
	sw t1, 4(sp)
  84:	00612223          	sw	t1,4(sp)
C:\Users\Juan Antonio\Documents\Docencia\FC2\2023-2024\lab\ws\FC2labWS\pr3_a\Debug/../pr3_a.asm:105
 	sw t0, 0(sp)
  88:	00512023          	sw	t0,0(sp)
C:\Users\Juan Antonio\Documents\Docencia\FC2\2023-2024\lab\ws\FC2labWS\pr3_a\Debug/../pr3_a.asm:107

	mv a1,t5
  8c:	000f0593          	mv	a1,t5
C:\Users\Juan Antonio\Documents\Docencia\FC2\2023-2024\lab\ws\FC2labWS\pr3_a\Debug/../pr3_a.asm:108
	mv a2,t6
  90:	000f8613          	mv	a2,t6
C:\Users\Juan Antonio\Documents\Docencia\FC2\2023-2024\lab\ws\FC2labWS\pr3_a\Debug/../pr3_a.asm:109
	call mul
  94:	044000ef          	jal	ra,d8 <mul>
C:\Users\Juan Antonio\Documents\Docencia\FC2\2023-2024\lab\ws\FC2labWS\pr3_a\Debug/../pr3_a.asm:111

 	lw t0, 0(sp)
  98:	00012283          	lw	t0,0(sp)
C:\Users\Juan Antonio\Documents\Docencia\FC2\2023-2024\lab\ws\FC2labWS\pr3_a\Debug/../pr3_a.asm:112
 	lw t1, 4(sp)
  9c:	00412303          	lw	t1,4(sp)
C:\Users\Juan Antonio\Documents\Docencia\FC2\2023-2024\lab\ws\FC2labWS\pr3_a\Debug/../pr3_a.asm:113
	lw t2, 8(sp)
  a0:	00812383          	lw	t2,8(sp)
C:\Users\Juan Antonio\Documents\Docencia\FC2\2023-2024\lab\ws\FC2labWS\pr3_a\Debug/../pr3_a.asm:114
 	lw t3, 12(sp)
  a4:	00c12e03          	lw	t3,12(sp)
C:\Users\Juan Antonio\Documents\Docencia\FC2\2023-2024\lab\ws\FC2labWS\pr3_a\Debug/../pr3_a.asm:115
 	lw t4, 16(sp)
  a8:	01012e83          	lw	t4,16(sp)
C:\Users\Juan Antonio\Documents\Docencia\FC2\2023-2024\lab\ws\FC2labWS\pr3_a\Debug/../pr3_a.asm:116
	lw t5, 20(sp)
  ac:	01412f03          	lw	t5,20(sp)
C:\Users\Juan Antonio\Documents\Docencia\FC2\2023-2024\lab\ws\FC2labWS\pr3_a\Debug/../pr3_a.asm:117
 	lw t6, 24(sp)
  b0:	01812f83          	lw	t6,24(sp)
C:\Users\Juan Antonio\Documents\Docencia\FC2\2023-2024\lab\ws\FC2labWS\pr3_a\Debug/../pr3_a.asm:118
 	lw a1, 28(sp)
  b4:	01c12583          	lw	a1,28(sp)
C:\Users\Juan Antonio\Documents\Docencia\FC2\2023-2024\lab\ws\FC2labWS\pr3_a\Debug/../pr3_a.asm:119
	lw a2, 32(sp)
  b8:	02012603          	lw	a2,32(sp)
C:\Users\Juan Antonio\Documents\Docencia\FC2\2023-2024\lab\ws\FC2labWS\pr3_a\Debug/../pr3_a.asm:120
	lw ra, 36(sp)
  bc:	02412083          	lw	ra,36(sp)
C:\Users\Juan Antonio\Documents\Docencia\FC2\2023-2024\lab\ws\FC2labWS\pr3_a\Debug/../pr3_a.asm:121
	add sp, sp, 40
  c0:	02810113          	addi	sp,sp,40
C:\Users\Juan Antonio\Documents\Docencia\FC2\2023-2024\lab\ws\FC2labWS\pr3_a\Debug/../pr3_a.asm:123

	add t1,t1,a0 //update accum
  c4:	00a30333          	add	t1,t1,a0
C:\Users\Juan Antonio\Documents\Docencia\FC2\2023-2024\lab\ws\FC2labWS\pr3_a\Debug/../pr3_a.asm:124
	addi t0,t0,-1
  c8:	fff28293          	addi	t0,t0,-1
C:\Users\Juan Antonio\Documents\Docencia\FC2\2023-2024\lab\ws\FC2labWS\pr3_a\Debug/../pr3_a.asm:125
	bge t0,zero,cont
  cc:	f802d0e3          	bgez	t0,4c <cont>
C:\Users\Juan Antonio\Documents\Docencia\FC2\2023-2024\lab\ws\FC2labWS\pr3_a\Debug/../pr3_a.asm:127

	mv a0,t1
  d0:	00030513          	mv	a0,t1
C:\Users\Juan Antonio\Documents\Docencia\FC2\2023-2024\lab\ws\FC2labWS\pr3_a\Debug/../pr3_a.asm:128
	ret
  d4:	00008067          	ret

000000d8 <mul>:
mul():
C:\Users\Juan Antonio\Documents\Docencia\FC2\2023-2024\lab\ws\FC2labWS\pr3_a\Debug/../pr3_a.asm:136

mul:
//IN: value1 (a1), value2 (a2)
//OUT: result (a0)

	li a0,0
  d8:	00000513          	li	a0,0

000000dc <oper>:
oper():
C:\Users\Juan Antonio\Documents\Docencia\FC2\2023-2024\lab\ws\FC2labWS\pr3_a\Debug/../pr3_a.asm:138
oper:
	ble a2,zero,end_mul
  dc:	00c05863          	blez	a2,ec <end_mul>
C:\Users\Juan Antonio\Documents\Docencia\FC2\2023-2024\lab\ws\FC2labWS\pr3_a\Debug/../pr3_a.asm:139
	add a0,a0,a1
  e0:	00b50533          	add	a0,a0,a1
C:\Users\Juan Antonio\Documents\Docencia\FC2\2023-2024\lab\ws\FC2labWS\pr3_a\Debug/../pr3_a.asm:140
	addi a2,a2,-1
  e4:	fff60613          	addi	a2,a2,-1
C:\Users\Juan Antonio\Documents\Docencia\FC2\2023-2024\lab\ws\FC2labWS\pr3_a\Debug/../pr3_a.asm:141
	j oper
  e8:	ff5ff06f          	j	dc <oper>

000000ec <end_mul>:
end_mul():
C:\Users\Juan Antonio\Documents\Docencia\FC2\2023-2024\lab\ws\FC2labWS\pr3_a\Debug/../pr3_a.asm:144

end_mul:
	ret
  ec:	00008067          	ret
